<?xml version="1.0" encoding="UTF-8"?>
<testng-results ignored="0" total="1" passed="1" failed="0" skipped="0">
  <reporter-output>
  </reporter-output>
  <suite started-at="2025-02-04T00:14:05 IST" name="Default suite" finished-at="2025-02-04T00:14:33 IST" duration-ms="28050">
    <groups>
    </groups>
    <test started-at="2025-02-04T00:14:05 IST" name="Default test" finished-at="2025-02-04T00:14:33 IST" duration-ms="28050">
      <class name="seleniumPractice.Complex">
        <test-method is-config="true" signature="initializeDriver()[pri:0, instance:seleniumPractice.Complex@62e70ea3]" started-at="2025-02-04T00:14:05 IST" name="initializeDriver" finished-at="2025-02-04T00:14:10 IST" duration-ms="4747" status="PASS">
          <reporter-output>
          </reporter-output>
        </test-method> <!-- initializeDriver -->
        <test-method signature="test1()[pri:0, instance:seleniumPractice.Complex@62e70ea3]" started-at="2025-02-04T00:14:10 IST" name="test1" finished-at="2025-02-04T00:14:33 IST" duration-ms="23199" status="PASS">
          <reporter-output>
          </reporter-output>
        </test-method> <!-- test1 -->
      </class> <!-- seleniumPractice.Complex -->
    </test> <!-- Default test -->
  </suite> <!-- Default suite -->
</testng-results>
